<?xml version="1.0" encoding="UTF-8"?>
<testsuite xmlns:xsi="http://www.w3.org/2001/XMLSchema-instance" xsi:noNamespaceSchemaLocation="https://maven.apache.org/surefire/maven-surefire-plugin/xsd/surefire-test-report-3.0.xsd" version="3.0" name="com.pruebas_con_junit_testing.models.CuentaTest" time="0.163" tests="6" errors="0" skipped="0" failures="1">
  <properties>
    <property name="java.specification.version" value="21"/>
    <property name="sun.jnu.encoding" value="UTF-8"/>
    <property name="java.class.path" value="/home/narvaez/Escritorio/Curso_Java_Udemy/src/Testing/pruebas_con_junit_testing/target/test-classes:/home/narvaez/Escritorio/Curso_Java_Udemy/src/Testing/pruebas_con_junit_testing/target/classes:/home/narvaez/.m2/repository/org/junit/jupiter/junit-jupiter/5.11.0-M1/junit-jupiter-5.11.0-M1.jar:/home/narvaez/.m2/repository/org/junit/jupiter/junit-jupiter-api/5.11.0-M1/junit-jupiter-api-5.11.0-M1.jar:/home/narvaez/.m2/repository/org/opentest4j/opentest4j/1.3.0/opentest4j-1.3.0.jar:/home/narvaez/.m2/repository/org/junit/platform/junit-platform-commons/1.11.0-M1/junit-platform-commons-1.11.0-M1.jar:/home/narvaez/.m2/repository/org/apiguardian/apiguardian-api/1.1.2/apiguardian-api-1.1.2.jar:/home/narvaez/.m2/repository/org/junit/jupiter/junit-jupiter-params/5.11.0-M1/junit-jupiter-params-5.11.0-M1.jar:/home/narvaez/.m2/repository/org/junit/jupiter/junit-jupiter-engine/5.11.0-M1/junit-jupiter-engine-5.11.0-M1.jar:/home/narvaez/.m2/repository/org/junit/platform/junit-platform-engine/1.11.0-M1/junit-platform-engine-1.11.0-M1.jar:"/>
    <property name="java.vm.vendor" value="Red Hat, Inc."/>
    <property name="sun.arch.data.model" value="64"/>
    <property name="java.vendor.url" value="https://www.redhat.com/"/>
    <property name="os.name" value="Linux"/>
    <property name="java.vm.specification.version" value="21"/>
    <property name="user.country" value="ES"/>
    <property name="sun.java.launcher" value="SUN_STANDARD"/>
    <property name="sun.boot.library.path" value="/usr/lib/jvm/java-21-openjdk-21.0.4.0.7-2.fc40.x86_64/lib"/>
    <property name="sun.java.command" value="/home/narvaez/Escritorio/Curso_Java_Udemy/src/Testing/pruebas_con_junit_testing/target/surefire/surefirebooter-20240725205131891_3.jar /home/narvaez/Escritorio/Curso_Java_Udemy/src/Testing/pruebas_con_junit_testing/target/surefire 2024-07-25T20-51-31_683-jvmRun1 surefire-20240725205131891_1tmp surefire_0-20240725205131891_2tmp"/>
    <property name="jdk.debug" value="release"/>
    <property name="test" value="com.pruebas_con_junit_testing.models.CuentaTest"/>
    <property name="surefire.test.class.path" value="/home/narvaez/Escritorio/Curso_Java_Udemy/src/Testing/pruebas_con_junit_testing/target/test-classes:/home/narvaez/Escritorio/Curso_Java_Udemy/src/Testing/pruebas_con_junit_testing/target/classes:/home/narvaez/.m2/repository/org/junit/jupiter/junit-jupiter/5.11.0-M1/junit-jupiter-5.11.0-M1.jar:/home/narvaez/.m2/repository/org/junit/jupiter/junit-jupiter-api/5.11.0-M1/junit-jupiter-api-5.11.0-M1.jar:/home/narvaez/.m2/repository/org/opentest4j/opentest4j/1.3.0/opentest4j-1.3.0.jar:/home/narvaez/.m2/repository/org/junit/platform/junit-platform-commons/1.11.0-M1/junit-platform-commons-1.11.0-M1.jar:/home/narvaez/.m2/repository/org/apiguardian/apiguardian-api/1.1.2/apiguardian-api-1.1.2.jar:/home/narvaez/.m2/repository/org/junit/jupiter/junit-jupiter-params/5.11.0-M1/junit-jupiter-params-5.11.0-M1.jar:/home/narvaez/.m2/repository/org/junit/jupiter/junit-jupiter-engine/5.11.0-M1/junit-jupiter-engine-5.11.0-M1.jar:/home/narvaez/.m2/repository/org/junit/platform/junit-platform-engine/1.11.0-M1/junit-platform-engine-1.11.0-M1.jar:"/>
    <property name="sun.cpu.endian" value="little"/>
    <property name="user.home" value="/home/narvaez"/>
    <property name="user.language" value="es"/>
    <property name="java.specification.vendor" value="Oracle Corporation"/>
    <property name="java.version.date" value="2024-07-16"/>
    <property name="java.home" value="/usr/lib/jvm/java-21-openjdk-21.0.4.0.7-2.fc40.x86_64"/>
    <property name="file.separator" value="/"/>
    <property name="basedir" value="/home/narvaez/Escritorio/Curso_Java_Udemy/src/Testing/pruebas_con_junit_testing"/>
    <property name="java.vm.compressedOopsMode" value="Zero based"/>
    <property name="line.separator" value="&#10;"/>
    <property name="java.vm.specification.vendor" value="Oracle Corporation"/>
    <property name="java.specification.name" value="Java Platform API Specification"/>
    <property name="surefire.real.class.path" value="/home/narvaez/Escritorio/Curso_Java_Udemy/src/Testing/pruebas_con_junit_testing/target/surefire/surefirebooter-20240725205131891_3.jar"/>
    <property name="sun.management.compiler" value="HotSpot 64-Bit Tiered Compilers"/>
    <property name="java.runtime.version" value="21.0.4+7"/>
    <property name="user.name" value="narvaez"/>
    <property name="stdout.encoding" value="UTF-8"/>
    <property name="path.separator" value=":"/>
    <property name="os.version" value="6.9.9-200.fc40.x86_64"/>
    <property name="java.runtime.name" value="OpenJDK Runtime Environment"/>
    <property name="file.encoding" value="UTF-8"/>
    <property name="java.vm.name" value="OpenJDK 64-Bit Server VM"/>
    <property name="java.vendor.version" value="(Red_Hat-21.0.4.0.7-2)"/>
    <property name="maven.ext.class.path" value="/home/narvaez/.vscode/extensions/oracle.oracle-java-22.1.1/nbcode/java/maven-nblib/netbeans-eventspy.jar"/>
    <property name="localRepository" value="/home/narvaez/.m2/repository"/>
    <property name="java.vendor.url.bug" value="https://bugzilla.redhat.com/enter_bug.cgi?product=Fedora&amp;component=java-21-openjdk&amp;version=39"/>
    <property name="java.io.tmpdir" value="/tmp"/>
    <property name="java.version" value="21.0.4"/>
    <property name="user.dir" value="/home/narvaez/Escritorio/Curso_Java_Udemy/src/Testing/pruebas_con_junit_testing"/>
    <property name="os.arch" value="amd64"/>
    <property name="java.vm.specification.name" value="Java Virtual Machine Specification"/>
    <property name="native.encoding" value="UTF-8"/>
    <property name="java.library.path" value="/usr/java/packages/lib:/usr/lib64:/lib64:/lib:/usr/lib"/>
    <property name="java.vm.info" value="mixed mode, sharing"/>
    <property name="stderr.encoding" value="UTF-8"/>
    <property name="java.vendor" value="Red Hat, Inc."/>
    <property name="java.vm.version" value="21.0.4+7"/>
    <property name="sun.io.unicode.encoding" value="UnicodeLittle"/>
    <property name="java.class.version" value="65.0"/>
  </properties>
  <testcase name="testCreditoCuenta" classname="com.pruebas_con_junit_testing.models.CuentaTest" time="0.068"/>
  <testcase name="testDineroInsuficienteExceptionCuenta" classname="com.pruebas_con_junit_testing.models.CuentaTest" time="0.017">
    <failure message="Expected com.pruebas_con_junit_testing.exceptions.DineroInsuficienteException to be thrown, but nothing was thrown." type="org.opentest4j.AssertionFailedError"><![CDATA[org.opentest4j.AssertionFailedError: Expected com.pruebas_con_junit_testing.exceptions.DineroInsuficienteException to be thrown, but nothing was thrown.
	at org.junit.jupiter.api.AssertionFailureBuilder.build(AssertionFailureBuilder.java:152)
	at org.junit.jupiter.api.AssertThrows.assertThrows(AssertThrows.java:73)
	at org.junit.jupiter.api.AssertThrows.assertThrows(AssertThrows.java:35)
	at org.junit.jupiter.api.Assertions.assertThrows(Assertions.java:3123)
	at com.pruebas_con_junit_testing.models.CuentaTest.testDineroInsuficienteExceptionCuenta(CuentaTest.java:84)
	at java.base/java.lang.reflect.Method.invoke(Method.java:580)
	at java.base/java.util.ArrayList.forEach(ArrayList.java:1596)
	at java.base/java.util.ArrayList.forEach(ArrayList.java:1596)
]]></failure>
  </testcase>
  <testcase name="test_nombre_cuenta" classname="com.pruebas_con_junit_testing.models.CuentaTest" time="0.003"/>
  <testcase name="saldoCuenta" classname="com.pruebas_con_junit_testing.models.CuentaTest" time="0.002"/>
  <testcase name="testDebidoCuenta" classname="com.pruebas_con_junit_testing.models.CuentaTest" time="0.003"/>
  <testcase name="testReferenciaCuenta" classname="com.pruebas_con_junit_testing.models.CuentaTest" time="0.003"/>
</testsuite>